<?xml version="1.0" encoding="UTF-8"?>
<testng-results ignored="0" total="1" passed="1" failed="0" skipped="0">
  <reporter-output>
  </reporter-output>
  <suite started-at="2024-04-27T17:24:58 IST" name="Surefire suite" finished-at="2024-04-27T17:25:13 IST" duration-ms="14523">
    <groups>
    </groups>
    <test started-at="2024-04-27T17:24:58 IST" name="Surefire test" finished-at="2024-04-27T17:25:13 IST" duration-ms="14523">
      <class name="com.rts.seleniumExample.AppTest">
        <test-method is-config="true" signature="initial()[pri:0, instance:com.rts.seleniumExample.AppTest@561b6512]" started-at="2024-04-27T17:24:58 IST" name="initial" finished-at="2024-04-27T17:25:09 IST" duration-ms="10871" status="PASS">
          <reporter-output>
          </reporter-output>
        </test-method> <!-- initial -->
        <test-method signature="openBrowser()[pri:0, instance:com.rts.seleniumExample.AppTest@561b6512]" started-at="2024-04-27T17:25:09 IST" name="openBrowser" finished-at="2024-04-27T17:25:13 IST" duration-ms="3606" status="PASS">
          <reporter-output>
          </reporter-output>
        </test-method> <!-- openBrowser -->
      </class> <!-- com.rts.seleniumExample.AppTest -->
    </test> <!-- Surefire test -->
  </suite> <!-- Surefire suite -->
</testng-results>
