<?xml version="1.0" encoding="UTF-8"?>
<testng-results ignored="0" total="1" passed="1" failed="0" skipped="0">
  <reporter-output>
  </reporter-output>
  <suite started-at="2024-04-24T13:01:23 IST" name="Command line suite" finished-at="2024-04-24T13:01:23 IST" duration-ms="34">
    <groups>
    </groups>
    <test started-at="2024-04-24T13:01:23 IST" name="Command line test" finished-at="2024-04-24T13:01:23 IST" duration-ms="34">
      <class name="com.mavenworks.ArcheTypeDemo.AppTest">
        <test-method signature="testApp()" started-at="2024-04-24T13:01:23 IST" name="testApp" finished-at="2024-04-24T13:01:23 IST" duration-ms="6" status="PASS">
          <reporter-output>
          </reporter-output>
        </test-method> <!-- testApp -->
      </class> <!-- com.mavenworks.ArcheTypeDemo.AppTest -->
    </test> <!-- Command line test -->
  </suite> <!-- Command line suite -->
</testng-results>
