<?xml version="1.0" encoding="UTF-8"?>
<testng-results ignored="0" total="2" passed="2" failed="0" skipped="0">
  <reporter-output>
  </reporter-output>
  <suite started-at="2024-04-24T15:49:00 IST" name="Surefire suite" finished-at="2024-04-24T15:49:20 IST" duration-ms="20488">
    <groups>
    </groups>
    <test started-at="2024-04-24T15:49:00 IST" name="Surefire test" finished-at="2024-04-24T15:49:20 IST" duration-ms="20488">
      <class name="com.practice.AppTest">
        <test-method is-config="true" signature="initial()[pri:0, instance:com.practice.AppTest@193f604a]" started-at="2024-04-24T15:49:00 IST" name="initial" finished-at="2024-04-24T15:49:07 IST" duration-ms="6836" status="PASS">
          <reporter-output>
          </reporter-output>
        </test-method> <!-- initial -->
        <test-method signature="searchRelevantz()[pri:0, instance:com.practice.AppTest@193f604a]" started-at="2024-04-24T15:49:07 IST" name="searchRelevantz" finished-at="2024-04-24T15:49:10 IST" duration-ms="3523" status="PASS">
          <reporter-output>
          </reporter-output>
        </test-method> <!-- searchRelevantz -->
        <test-method signature="test2()[pri:0, instance:com.practice.AppTest@193f604a]" started-at="2024-04-24T15:49:10 IST" name="test2" finished-at="2024-04-24T15:49:20 IST" duration-ms="10067" status="PASS">
          <reporter-output>
          </reporter-output>
        </test-method> <!-- test2 -->
      </class> <!-- com.practice.AppTest -->
    </test> <!-- Surefire test -->
  </suite> <!-- Surefire suite -->
</testng-results>
